<?xml version="1.0" encoding="UTF-8"?>
<testng-results ignored="0" total="1" passed="1" failed="0" skipped="0">
  <reporter-output>
  </reporter-output>
  <suite started-at="2022-03-24T11:30:54 IST" name="Default suite" finished-at="2022-03-24T11:30:57 IST" duration-ms="2956">
    <groups>
    </groups>
    <test started-at="2022-03-24T11:30:54 IST" name="Default test" finished-at="2022-03-24T11:30:57 IST" duration-ms="2956">
      <class name="Tests_DELETE">
        <test-method signature="test_put()[pri:0, instance:Tests_DELETE@6bedbc4d]" started-at="2022-03-24T11:30:54 IST" name="test_put" finished-at="2022-03-24T11:30:57 IST" duration-ms="2921" status="PASS">
          <reporter-output>
          </reporter-output>
        </test-method> <!-- test_put -->
      </class> <!-- Tests_DELETE -->
    </test> <!-- Default test -->
  </suite> <!-- Default suite -->
</testng-results>
